<?xml version="1.0" encoding="UTF-8"?>
<testng-results skipped="0" failed="0" total="1" passed="1">
  <reporter-output>
  </reporter-output>
  <suite name="Default suite" duration-ms="1466" started-at="2022-12-21T07:30:05Z" finished-at="2022-12-21T07:30:07Z">
    <groups>
    </groups>
    <test name="Default test" duration-ms="1466" started-at="2022-12-21T07:30:05Z" finished-at="2022-12-21T07:30:07Z">
      <class name="WeblinkMethod.NewTable">
        <test-method status="PASS" signature="beforeSuite()[pri:0, instance:WeblinkMethod.NewTable@5315b42e]" name="beforeSuite" is-config="true" duration-ms="55741" started-at="2022-12-21T12:59:10Z" finished-at="2022-12-21T13:00:05Z">
          <reporter-output>
          </reporter-output>
        </test-method> <!-- beforeSuite -->
        <test-method status="PASS" signature="beforeTest()[pri:0, instance:WeblinkMethod.NewTable@5315b42e]" name="beforeTest" is-config="true" duration-ms="2" started-at="2022-12-21T13:00:05Z" finished-at="2022-12-21T13:00:05Z">
          <reporter-output>
          </reporter-output>
        </test-method> <!-- beforeTest -->
        <test-method status="PASS" signature="sampleTest()[pri:0, instance:WeblinkMethod.NewTable@5315b42e]" name="sampleTest" duration-ms="1437" started-at="2022-12-21T13:00:06Z" finished-at="2022-12-21T13:00:07Z">
          <reporter-output>
          </reporter-output>
        </test-method> <!-- sampleTest -->
        <test-method status="PASS" signature="afterTest()[pri:0, instance:WeblinkMethod.NewTable@5315b42e]" name="afterTest" is-config="true" duration-ms="0" started-at="2022-12-21T13:00:07Z" finished-at="2022-12-21T13:00:07Z">
          <reporter-output>
          </reporter-output>
        </test-method> <!-- afterTest -->
        <test-method status="PASS" signature="afterSuite()[pri:0, instance:WeblinkMethod.NewTable@5315b42e]" name="afterSuite" is-config="true" duration-ms="0" started-at="2022-12-21T13:00:07Z" finished-at="2022-12-21T13:00:07Z">
          <reporter-output>
          </reporter-output>
        </test-method> <!-- afterSuite -->
      </class> <!-- WeblinkMethod.NewTable -->
    </test> <!-- Default test -->
  </suite> <!-- Default suite -->
</testng-results>
